<?xml version="1.0" encoding="UTF-8"?>
<testsuite name="BinaryOperationsTest" tests="1" skipped="0" failures="0" errors="0" timestamp="2020-06-11T13:45:52" hostname="NORBI" time="0.012">
  <properties/>
  <testcase name="xorTest" classname="BinaryOperationsTest" time="0.012"/>
  <system-out><![CDATA[xorTest
]]></system-out>
  <system-err><![CDATA[]]></system-err>
</testsuite>
