<?xml version="1.0" encoding="UTF-8"?>
<testsuite name="OperationsTest" tests="5" skipped="0" failures="0" errors="0" timestamp="2020-05-26T18:50:00" hostname="NORBI" time="0.035">
  <properties/>
  <testcase name="subTest" classname="OperationsTest" time="0.011"/>
  <testcase name="addTest" classname="OperationsTest" time="0.001"/>
  <testcase name="divTestException" classname="OperationsTest" time="0.006"/>
  <testcase name="multTest" classname="OperationsTest" time="0.004"/>
  <testcase name="divTest" classname="OperationsTest" time="0.007"/>
  <system-out><![CDATA[divTest
addTest
divTestWithException
multTest
divTest
]]></system-out>
  <system-err><![CDATA[]]></system-err>
</testsuite>
